2008-12-20 09:18:46 Notice: Notice (1024): Please change the value of 'Security.salt' in app/config/core.php to a salt value specific to your application in [CORE/cake/libs/debugger.php, line 556]
2008-12-20 09:19:09 Notice: Notice (1024): Please change the value of 'Security.salt' in app/config/core.php to a salt value specific to your application in [CORE/cake/libs/debugger.php, line 556]
2008-12-20 09:20:15 Notice: Notice (1024): Please change the value of 'Security.salt' in app/config/core.php to a salt value specific to your application in [CORE/cake/libs/debugger.php, line 556]
2008-12-20 09:20:16 Notice: Notice (1024): Please change the value of 'Security.salt' in app/config/core.php to a salt value specific to your application in [CORE/cake/libs/debugger.php, line 556]
2008-12-20 09:25:10 Notice: Notice (1024): Please change the value of 'Security.salt' in app/config/core.php to a salt value specific to your application in [CORE/cake/libs/debugger.php, line 556]
2008-12-21 00:17:52 Notice: Notice (8): Array to string conversion in [CORE/cake/libs/file.php, line 96]
2008-12-21 00:17:52 Notice: Notice (8): Array to string conversion in [CORE/cake/libs/file.php, line 97]
2008-12-21 00:17:52 Notice: Notice (8): Undefined property: File::$table in [CORE/cake/libs/model/model.php, line 641]
2008-12-21 00:17:52 Notice: Notice (8): Undefined property: File::$primaryKey in [CORE/cake/libs/controller/scaffold.php, line 443]
2008-12-21 00:17:52 Notice: Notice (8): Undefined property: File::$displayField in [CORE/cake/libs/controller/scaffold.php, line 444]
2008-12-21 00:17:52 Notice: Notice (8): Undefined property: File::$useDbConfig in [CORE/cake/libs/model/datasources/dbo_source.php, line 625]
2008-12-21 00:17:52 Notice: Notice (8): Undefined property: File::$useDbConfig in [CORE/cake/libs/model/datasources/dbo_source.php, line 651]
2008-12-21 00:17:52 Notice: Notice (8): Undefined property: File::$useDbConfig in [CORE/cake/libs/model/datasources/dbo_source.php, line 654]
2008-12-21 00:18:32 Notice: Notice (8): Array to string conversion in [CORE/cake/libs/file.php, line 96]
2008-12-21 00:18:32 Notice: Notice (8): Array to string conversion in [CORE/cake/libs/file.php, line 97]
2008-12-21 00:18:32 Notice: Notice (8): Undefined property: File::$table in [CORE/cake/libs/model/model.php, line 641]
2008-12-21 00:18:32 Notice: Notice (8): Undefined property: File::$primaryKey in [CORE/cake/libs/controller/scaffold.php, line 443]
2008-12-21 00:18:32 Notice: Notice (8): Undefined property: File::$displayField in [CORE/cake/libs/controller/scaffold.php, line 444]
2008-12-21 00:18:32 Notice: Notice (8): Undefined property: File::$useDbConfig in [CORE/cake/libs/model/datasources/dbo_source.php, line 625]
2008-12-21 00:18:32 Notice: Notice (8): Undefined property: File::$useDbConfig in [CORE/cake/libs/model/datasources/dbo_source.php, line 651]
2008-12-21 00:18:32 Notice: Notice (8): Undefined property: File::$useDbConfig in [CORE/cake/libs/model/datasources/dbo_source.php, line 654]
2008-12-21 00:21:19 Notice: Notice (8): Array to string conversion in [CORE/cake/libs/file.php, line 96]
2008-12-21 00:21:19 Notice: Notice (8): Array to string conversion in [CORE/cake/libs/file.php, line 97]
2008-12-21 00:21:19 Notice: Notice (8): Undefined property: File::$table in [CORE/cake/libs/model/model.php, line 641]
2008-12-21 00:21:19 Notice: Notice (8): Undefined property: File::$primaryKey in [CORE/cake/libs/controller/scaffold.php, line 443]
2008-12-21 00:21:19 Notice: Notice (8): Undefined property: File::$displayField in [CORE/cake/libs/controller/scaffold.php, line 444]
2008-12-21 00:21:19 Notice: Notice (8): Undefined property: File::$useDbConfig in [CORE/cake/libs/model/datasources/dbo_source.php, line 625]
2008-12-21 00:21:19 Notice: Notice (8): Undefined property: File::$useDbConfig in [CORE/cake/libs/model/datasources/dbo_source.php, line 651]
2008-12-21 00:21:19 Notice: Notice (8): Undefined property: File::$useDbConfig in [CORE/cake/libs/model/datasources/dbo_source.php, line 654]
2008-12-21 00:22:12 Notice: Notice (8): Array to string conversion in [CORE/cake/libs/file.php, line 96]
2008-12-21 00:22:12 Notice: Notice (8): Array to string conversion in [CORE/cake/libs/file.php, line 97]
2008-12-21 00:22:12 Notice: Notice (8): Undefined property: File::$table in [CORE/cake/libs/model/model.php, line 641]
2008-12-21 00:22:12 Notice: Notice (8): Undefined property: File::$primaryKey in [CORE/cake/libs/controller/scaffold.php, line 443]
2008-12-21 00:22:12 Notice: Notice (8): Undefined property: File::$displayField in [CORE/cake/libs/controller/scaffold.php, line 444]
2008-12-21 00:22:12 Notice: Notice (8): Undefined property: File::$useDbConfig in [CORE/cake/libs/model/datasources/dbo_source.php, line 625]
2008-12-21 00:22:12 Notice: Notice (8): Undefined property: File::$useDbConfig in [CORE/cake/libs/model/datasources/dbo_source.php, line 651]
2008-12-21 00:22:12 Notice: Notice (8): Undefined property: File::$useDbConfig in [CORE/cake/libs/model/datasources/dbo_source.php, line 654]
2008-12-21 00:26:10 Notice: Notice (8): Array to string conversion in [CORE/cake/libs/file.php, line 96]
2008-12-21 00:26:10 Notice: Notice (8): Array to string conversion in [CORE/cake/libs/file.php, line 97]
2008-12-21 00:26:47 Notice: Notice (8): Array to string conversion in [CORE/cake/libs/file.php, line 96]
2008-12-21 00:26:47 Notice: Notice (8): Array to string conversion in [CORE/cake/libs/file.php, line 97]
2008-12-21 00:30:05 Notice: Notice (8): Array to string conversion in [CORE/cake/libs/file.php, line 96]
2008-12-21 00:30:05 Notice: Notice (8): Array to string conversion in [CORE/cake/libs/file.php, line 97]
2008-12-21 00:38:34 Notice: Notice (8): Use of undefined constant ProjectFile - assumed 'ProjectFile' in [CORE/cake/libs/class_registry.php, line 134]
2008-12-21 00:39:01 Notice: Notice (8): Use of undefined constant ProjectFile - assumed 'ProjectFile' in [CORE/cake/libs/class_registry.php, line 134]
2008-12-21 00:39:01 Notice: Notice (8): Use of undefined constant ProjectFile - assumed 'ProjectFile' in [CORE/cake/libs/class_registry.php, line 134]
2008-12-21 00:39:16 Notice: Notice (8): Use of undefined constant ProjectFile - assumed 'ProjectFile' in [CORE/cake/libs/class_registry.php, line 134]
2008-12-21 11:55:19 Notice: Notice (8): Undefined variable: javascript in [APP/views/layouts/default.ctp, line 33]
2008-12-21 11:55:19 Notice: Notice (8): Undefined variable: javascript in [APP/views/layouts/default.ctp, line 33]
2008-12-21 11:55:20 Notice: Notice (8): Undefined variable: javascript in [APP/views/layouts/default.ctp, line 33]
2008-12-21 11:55:20 Notice: Notice (8): Undefined variable: javascript in [APP/views/layouts/default.ctp, line 33]
2008-12-21 11:55:20 Notice: Notice (8): Undefined variable: javascript in [APP/views/layouts/default.ctp, line 33]
2008-12-21 11:55:20 Notice: Notice (8): Undefined variable: javascript in [APP/views/layouts/default.ctp, line 33]
2008-12-21 11:55:41 Notice: Notice (8): Undefined variable: javascript in [APP/views/layouts/default.ctp, line 33]
2008-12-21 11:55:41 Notice: Notice (8): Undefined variable: javascript in [APP/views/layouts/default.ctp, line 33]
2008-12-21 11:55:41 Notice: Notice (8): Undefined variable: javascript in [APP/views/layouts/default.ctp, line 33]
2008-12-21 11:55:41 Notice: Notice (8): Undefined variable: javascript in [APP/views/layouts/default.ctp, line 33]
2008-12-21 11:55:42 Notice: Notice (8): Undefined variable: javascript in [APP/views/layouts/default.ctp, line 33]
2008-12-21 11:55:42 Notice: Notice (8): Undefined variable: javascript in [APP/views/layouts/default.ctp, line 33]
2008-12-21 12:03:32 Notice: Notice (8): Undefined variable: javascript in [APP/views/layouts/default.ctp, line 33]
2008-12-21 12:04:31 Notice: Notice (8): Undefined variable: javascript in [APP/views/layouts/default.ctp, line 33]
