2008-12-20 23:19:55 Warning: Warning (512): <span style = "color:Red;text-align:left"><b>SQL Error:</b> 1064: You have an error in your SQL syntax; check the manual that corresponds to your MySQL server version for the right syntax to use near 'geocode' at line 1</span> in [CORE/cake/libs/model/datasources/dbo_source.php, line 514]
2008-12-21 00:04:49 Warning: Warning (512): <span style = "color:Red;text-align:left"><b>SQL Error:</b> 1054: Unknown column 'Project.client_id' in 'field list'</span> in [CORE/cake/libs/model/datasources/dbo_source.php, line 514]
2008-12-21 00:04:49 Warning: Warning (2): Invalid argument supplied for foreach() in [CORE/cake/libs/model/datasources/dbo_source.php, line 904]
2008-12-21 00:17:52 Warning: Warning (2): basename() expects parameter 1 to be string, array given in [CORE/cake/libs/file.php, line 98]
2008-12-21 00:17:52 Error: Fatal Error (256): ConnectionManager::getDataSource - Non-existent data source  in [CORE/cake/libs/model/connection_manager.php, line 109]
2008-12-21 00:18:32 Warning: Warning (2): basename() expects parameter 1 to be string, array given in [CORE/cake/libs/file.php, line 98]
2008-12-21 00:18:32 Error: Fatal Error (256): ConnectionManager::getDataSource - Non-existent data source  in [CORE/cake/libs/model/connection_manager.php, line 109]
2008-12-21 00:21:19 Warning: Warning (2): basename() expects parameter 1 to be string, array given in [CORE/cake/libs/file.php, line 98]
2008-12-21 00:21:19 Error: Fatal Error (256): ConnectionManager::getDataSource - Non-existent data source  in [CORE/cake/libs/model/connection_manager.php, line 109]
2008-12-21 00:22:12 Warning: Warning (2): basename() expects parameter 1 to be string, array given in [CORE/cake/libs/file.php, line 98]
2008-12-21 00:22:12 Error: Fatal Error (256): ConnectionManager::getDataSource - Non-existent data source  in [CORE/cake/libs/model/connection_manager.php, line 109]
2008-12-21 00:26:10 Warning: Warning (2): basename() expects parameter 1 to be string, array given in [CORE/cake/libs/file.php, line 98]
2008-12-21 00:26:47 Warning: Warning (2): basename() expects parameter 1 to be string, array given in [CORE/cake/libs/file.php, line 98]
2008-12-21 00:26:47 Warning: Warning (512): Method HtmlHelper::file does not exist in [CORE/cake/libs/view/helper.php, line 143]
2008-12-21 00:26:47 Warning: Warning (512): Method HtmlHelper::submit does not exist in [CORE/cake/libs/view/helper.php, line 143]
2008-12-21 00:30:05 Warning: Warning (2): basename() expects parameter 1 to be string, array given in [CORE/cake/libs/file.php, line 98]
2008-12-21 00:49:15 Warning: Warning (512): <span style = "color:Red;text-align:left"><b>SQL Error:</b> 1054: Unknown column 'Service.project_id' in 'on clause'</span> in [CORE/cake/libs/model/datasources/dbo_source.php, line 514]
2008-12-21 00:49:22 Warning: Warning (512): <span style = "color:Red;text-align:left"><b>SQL Error:</b> 1054: Unknown column 'Service.project_id' in 'on clause'</span> in [CORE/cake/libs/model/datasources/dbo_source.php, line 514]
2008-12-21 00:49:23 Warning: Warning (2): Invalid argument supplied for foreach() in [CORE/cake/libs/view/scaffolds/index.ctp, line 41]
2008-12-21 00:49:55 Warning: Warning (512): <span style = "color:Red;text-align:left"><b>SQL Error:</b> 1054: Unknown column 'Service.project_id' in 'on clause'</span> in [CORE/cake/libs/model/datasources/dbo_source.php, line 514]
2008-12-21 00:49:55 Warning: Warning (2): Invalid argument supplied for foreach() in [CORE/cake/libs/view/scaffolds/index.ctp, line 41]
2008-12-21 00:51:34 Warning: Warning (512): <span style = "color:Red;text-align:left"><b>SQL Error:</b> 1054: Unknown column 'Task.project_id' in 'field list'</span> in [CORE/cake/libs/model/datasources/dbo_source.php, line 514]
2008-12-21 00:51:34 Warning: Warning (2): Invalid argument supplied for foreach() in [CORE/cake/libs/model/datasources/dbo_source.php, line 904]
2008-12-21 00:52:06 Warning: Warning (512): <span style = "color:Red;text-align:left"><b>SQL Error:</b> 1054: Unknown column 'Task.project_id' in 'field list'</span> in [CORE/cake/libs/model/datasources/dbo_source.php, line 514]
2008-12-21 00:52:06 Warning: Warning (2): Invalid argument supplied for foreach() in [CORE/cake/libs/model/datasources/dbo_source.php, line 904]
2008-12-21 01:09:34 Warning: Warning (512): <span style = "color:Red;text-align:left"><b>SQL Error:</b> 1054: Unknown column 'Note.project_id' in 'field list'</span> in [CORE/cake/libs/model/datasources/dbo_source.php, line 514]
2008-12-21 01:09:34 Warning: Warning (2): Invalid argument supplied for foreach() in [CORE/cake/libs/model/datasources/dbo_source.php, line 904]
2008-12-21 01:09:42 Warning: Warning (512): <span style = "color:Red;text-align:left"><b>SQL Error:</b> 1054: Unknown column 'Note.project_id' in 'field list'</span> in [CORE/cake/libs/model/datasources/dbo_source.php, line 514]
2008-12-21 01:09:42 Warning: Warning (2): Invalid argument supplied for foreach() in [CORE/cake/libs/model/datasources/dbo_source.php, line 904]
2008-12-21 02:03:52 Warning: Warning (512): Method FormHelper::labelTag does not exist in [CORE/cake/libs/view/helper.php, line 143]
2008-12-21 02:03:52 Warning: Warning (512): Method HtmlHelper::input does not exist in [CORE/cake/libs/view/helper.php, line 143]
2008-12-21 02:03:52 Warning: Warning (512): Method HtmlHelper::tagErrorMsg does not exist in [CORE/cake/libs/view/helper.php, line 143]
2008-12-21 02:03:52 Warning: Warning (512): Method HtmlHelper::submit does not exist in [CORE/cake/libs/view/helper.php, line 143]
